sample.interval=20000
"unlist" "dsrwon" 
"subCsp_rows" "[" "[" "is" ".as.Tsp" "[" "[" "[" "[" "eval" "eval" "callGeneric" "[" "[" "FUN" "lapply" "dsrwon" 
".T2C" "is" ".as.Tsp" "[" "[" "[" "[" "eval" "eval" "callGeneric" "[" "[" "FUN" "lapply" "dsrwon" 
".T2C" "is" ".as.Tsp" "[" "[" "[" "[" "eval" "eval" "callGeneric" "[" "[" "FUN" "lapply" "dsrwon" 
"drop" "standardGeneric" "drop" "subCsp_rows" "[" "[" "is" ".as.Tsp" "[" "[" "[" "[" "eval" "eval" "callGeneric" "[" "[" "FUN" "lapply" "dsrwon" 
".T2C" "is" ".as.Tsp" "[" "[" "[" "[" "eval" "eval" "callGeneric" "[" "[" "FUN" "lapply" "dsrwon" 
"subCsp_rows" "[" "[" "is" ".as.Tsp" "[" "[" "[" "[" "eval" "eval" "callGeneric" "[" "[" "FUN" "lapply" "dsrwon" 
".T2C" "is" ".as.Tsp" "[" "[" "[" "[" "eval" "eval" "callGeneric" "[" "[" "FUN" "lapply" "dsrwon" 
"is.null.DN" "intI" "subCsp_rows" "[" "[" "is" ".as.Tsp" "[" "[" "[" "[" "eval" "eval" "callGeneric" "[" "[" "FUN" "lapply" "dsrwon" 
"subCsp_rows" "[" "[" "is" ".as.Tsp" "[" "[" "[" "[" "eval" "eval" "callGeneric" "[" "[" "FUN" "lapply" "dsrwon" 
"subCsp_rows" "[" "[" "is" ".as.Tsp" "[" "[" "[" "[" "eval" "eval" "callGeneric" "[" "[" "FUN" "lapply" "dsrwon" 
"unique.default" "unique" "intersect" "FUN" "lapply" "<Anonymous>" "mapply" "dsrwon" 
"unique" "intersect" "FUN" "lapply" "<Anonymous>" "mapply" "dsrwon" 
"reduction" "FUN" "lapply" "dsrwon" 
"match.fun" "reduction" "FUN" "lapply" "dsrwon" 
"<Anonymous>" "reduction" "FUN" "lapply" "dsrwon" 
"<Anonymous>" "reduction" "FUN" "lapply" "dsrwon" 
"<Anonymous>" "reduction" "FUN" "lapply" "dsrwon" 
"<Anonymous>" "reduction" "FUN" "lapply" "dsrwon" 
"reduction" "FUN" "lapply" "dsrwon" 
"match.fun" "reduction" "FUN" "lapply" "dsrwon" 
"<Anonymous>" "reduction" "FUN" "lapply" "dsrwon" 
"<Anonymous>" "reduction" "FUN" "lapply" "dsrwon" 
"<Anonymous>" "reduction" "FUN" "lapply" "dsrwon" 
"match.fun" "reduction" "FUN" "lapply" "dsrwon" 
"reduction" "FUN" "lapply" "dsrwon" 
"<Anonymous>" "reduction" "FUN" "lapply" "dsrwon" 
"<Anonymous>" "reduction" "FUN" "lapply" "dsrwon" 
"<Anonymous>" "reduction" "FUN" "lapply" "dsrwon" 
"<Anonymous>" "reduction" "FUN" "lapply" "dsrwon" 
"<Anonymous>" "reduction" "FUN" "lapply" "dsrwon" 
"<Anonymous>" "reduction" "FUN" "lapply" "dsrwon" 
"<Anonymous>" "reduction" "FUN" "lapply" "dsrwon" 
"<Anonymous>" "reduction" "FUN" "lapply" "dsrwon" 
"<Anonymous>" "reduction" "FUN" "lapply" "dsrwon" 
"<Anonymous>" "reduction" "FUN" "lapply" "dsrwon" 
"<Anonymous>" "reduction" "FUN" "lapply" "dsrwon" 
"<Anonymous>" "reduction" "FUN" "lapply" "dsrwon" 
"<Anonymous>" "reduction" "FUN" "lapply" "dsrwon" 
"<Anonymous>" "reduction" "FUN" "lapply" "dsrwon" 
"<Anonymous>" "reduction" "FUN" "lapply" "dsrwon" 
"<Anonymous>" "reduction" "FUN" "lapply" "dsrwon" 
"<Anonymous>" "reduction" "FUN" "lapply" "dsrwon" 
"<Anonymous>" "reduction" "FUN" "lapply" "dsrwon" 
"<Anonymous>" "reduction" "FUN" "lapply" "dsrwon" 
"<Anonymous>" "reduction" "FUN" "lapply" "dsrwon" 
"get" "match.fun" "reduction" "FUN" "lapply" "dsrwon" 
"get" "match.fun" "reduction" "FUN" "lapply" "dsrwon" 
"<Anonymous>" "reduction" "FUN" "lapply" "dsrwon" 
"<Anonymous>" "reduction" "FUN" "lapply" "dsrwon" 
"<Anonymous>" "reduction" "FUN" "lapply" "dsrwon" 
"<Anonymous>" "reduction" "FUN" "lapply" "dsrwon" 
"<Anonymous>" "reduction" "FUN" "lapply" "dsrwon" 
"match.fun" "reduction" "FUN" "lapply" "dsrwon" 
"reduction" "FUN" "lapply" "dsrwon" 
"match.fun" "reduction" "FUN" "lapply" "dsrwon" 
"<Anonymous>" "reduction" "FUN" "lapply" "dsrwon" 
"<Anonymous>" "reduction" "FUN" "lapply" "dsrwon" 
"<Anonymous>" "reduction" "FUN" "lapply" "dsrwon" 
"<Anonymous>" "reduction" "FUN" "lapply" "dsrwon" 
"<Anonymous>" "reduction" "FUN" "lapply" "dsrwon" 
"<Anonymous>" "reduction" "FUN" "lapply" "dsrwon" 
"<Anonymous>" "reduction" "FUN" "lapply" "dsrwon" 
"<Anonymous>" "reduction" "FUN" "lapply" "dsrwon" 
"<Anonymous>" "reduction" "FUN" "lapply" "dsrwon" 
"<Anonymous>" "reduction" "FUN" "lapply" "dsrwon" 
"<Anonymous>" "reduction" "FUN" "lapply" "dsrwon" 
"<Anonymous>" "reduction" "FUN" "lapply" "dsrwon" 
"get" "match.fun" "reduction" "FUN" "lapply" "dsrwon" 
"<Anonymous>" "reduction" "FUN" "lapply" "dsrwon" 
"<Anonymous>" "reduction" "FUN" "lapply" "dsrwon" 
"<Anonymous>" "reduction" "FUN" "lapply" "dsrwon" 
"reduction" "FUN" "lapply" "dsrwon" 
"reduction" "FUN" "lapply" "dsrwon" 
"<Anonymous>" "reduction" "FUN" "lapply" "dsrwon" 
"<Anonymous>" "reduction" "FUN" "lapply" "dsrwon" 
"<Anonymous>" "reduction" "FUN" "lapply" "dsrwon" 
"<Anonymous>" "reduction" "FUN" "lapply" "dsrwon" 
"match.fun" "reduction" "FUN" "lapply" "dsrwon" 
"match.fun" "reduction" "FUN" "lapply" "dsrwon" 
"<Anonymous>" "reduction" "FUN" "lapply" "dsrwon" 
"<Anonymous>" "reduction" "FUN" "lapply" "dsrwon" 
"<Anonymous>" "reduction" "FUN" "lapply" "dsrwon" 
"<Anonymous>" "reduction" "FUN" "lapply" "dsrwon" 
"<Anonymous>" "reduction" "FUN" "lapply" "dsrwon" 
"<Anonymous>" "reduction" "FUN" "lapply" "dsrwon" 
"<Anonymous>" "reduction" "FUN" "lapply" "dsrwon" 
"<Anonymous>" "reduction" "FUN" "lapply" "dsrwon" 
"get" "match.fun" "reduction" "FUN" "lapply" "dsrwon" 
"<Anonymous>" "reduction" "FUN" "lapply" "dsrwon" 
"<Anonymous>" "reduction" "FUN" "lapply" "dsrwon" 
"<Anonymous>" "reduction" "FUN" "lapply" "dsrwon" 
"<Anonymous>" "reduction" "FUN" "lapply" "dsrwon" 
"<Anonymous>" "reduction" "FUN" "lapply" "dsrwon" 
"<Anonymous>" "reduction" "FUN" "lapply" "dsrwon" 
"<Anonymous>" "reduction" "FUN" "lapply" "dsrwon" 
"<Anonymous>" "reduction" "FUN" "lapply" "dsrwon" 
"<Anonymous>" "reduction" "FUN" "lapply" "dsrwon" 
"<Anonymous>" "reduction" "FUN" "lapply" "dsrwon" 
"<Anonymous>" "reduction" "FUN" "lapply" "dsrwon" 
"<Anonymous>" "reduction" "FUN" "lapply" "dsrwon" 
"<Anonymous>" "reduction" "FUN" "lapply" "dsrwon" 
"<Anonymous>" "reduction" "FUN" "lapply" "dsrwon" 
"<Anonymous>" "reduction" "FUN" "lapply" "dsrwon" 
"<Anonymous>" "reduction" "FUN" "lapply" "dsrwon" 
"<Anonymous>" "reduction" "FUN" "lapply" "dsrwon" 
"<Anonymous>" "reduction" "FUN" "lapply" "dsrwon" 
"<Anonymous>" "reduction" "FUN" "lapply" "dsrwon" 
"<Anonymous>" "reduction" "FUN" "lapply" "dsrwon" 
"<Anonymous>" "reduction" "FUN" "lapply" "dsrwon" 
"<Anonymous>" "reduction" "FUN" "lapply" "dsrwon" 
"<Anonymous>" "reduction" "FUN" "lapply" "dsrwon" 
"<Anonymous>" "reduction" "FUN" "lapply" "dsrwon" 
"<Anonymous>" "reduction" "FUN" "lapply" "dsrwon" 
"<Anonymous>" "reduction" "FUN" "lapply" "dsrwon" 
"<Anonymous>" "reduction" "FUN" "lapply" "dsrwon" 
"<Anonymous>" "reduction" "FUN" "lapply" "dsrwon" 
"<Anonymous>" "reduction" "FUN" "lapply" "dsrwon" 
"<Anonymous>" "reduction" "FUN" "lapply" "dsrwon" 
"<Anonymous>" "reduction" "FUN" "lapply" "dsrwon" 
"<Anonymous>" "reduction" "FUN" "lapply" "dsrwon" 
"<Anonymous>" "reduction" "FUN" "lapply" "dsrwon" 
"<Anonymous>" "reduction" "FUN" "lapply" "dsrwon" 
"reduction" "FUN" "lapply" "dsrwon" 
"<Anonymous>" "reduction" "FUN" "lapply" "dsrwon" 
"<Anonymous>" "reduction" "FUN" "lapply" "dsrwon" 
"<Anonymous>" "reduction" "FUN" "lapply" "dsrwon" 
"reduction" "FUN" "lapply" "dsrwon" 
"<Anonymous>" "reduction" "FUN" "lapply" "dsrwon" 
"<Anonymous>" "reduction" "FUN" "lapply" "dsrwon" 
"<Anonymous>" "reduction" "FUN" "lapply" "dsrwon" 
"as.character" "get" "match.fun" "reduction" "FUN" "lapply" "dsrwon" 
"match.fun" "reduction" "FUN" "lapply" "dsrwon" 
"<Anonymous>" "reduction" "FUN" "lapply" "dsrwon" 
"reduction" "FUN" "lapply" "dsrwon" 
"<Anonymous>" "reduction" "FUN" "lapply" "dsrwon" 
"<Anonymous>" "reduction" "FUN" "lapply" "dsrwon" 
"<Anonymous>" "reduction" "FUN" "lapply" "dsrwon" 
"<Anonymous>" "reduction" "FUN" "lapply" "dsrwon" 
"<Anonymous>" "reduction" "FUN" "lapply" "dsrwon" 
"<Anonymous>" "reduction" "FUN" "lapply" "dsrwon" 
"match.fun" "reduction" "FUN" "lapply" "dsrwon" 
"<Anonymous>" "reduction" "FUN" "lapply" "dsrwon" 
"<Anonymous>" "reduction" "FUN" "lapply" "dsrwon" 
"<Anonymous>" "reduction" "FUN" "lapply" "dsrwon" 
"match.fun" "reduction" "FUN" "lapply" "dsrwon" 
"get" "match.fun" "reduction" "FUN" "lapply" "dsrwon" 
"<Anonymous>" "reduction" "FUN" "lapply" "dsrwon" 
"which" "FUN" "lapply" "FUN" "lapply" "dsrwon" 
"FUN" "lapply" "FUN" "lapply" "dsrwon" 
"which" "FUN" "lapply" "FUN" "lapply" "dsrwon" 
"which" "FUN" "lapply" "FUN" "lapply" "dsrwon" 
"FUN" "lapply" "FUN" "lapply" "dsrwon" 
"which" "FUN" "lapply" "FUN" "lapply" "dsrwon" 
"which" "FUN" "lapply" "FUN" "lapply" "dsrwon" 
"which" "FUN" "lapply" "FUN" "lapply" "dsrwon" 
"which" "FUN" "lapply" "FUN" "lapply" "dsrwon" 
"which" "FUN" "lapply" "FUN" "lapply" "dsrwon" 
"which" "FUN" "lapply" "FUN" "lapply" "dsrwon" 
"which" "FUN" "lapply" "FUN" "lapply" "dsrwon" 
"which" "FUN" "lapply" "FUN" "lapply" "dsrwon" 
"which" "FUN" "lapply" "FUN" "lapply" "dsrwon" 
"which" "FUN" "lapply" "FUN" "lapply" "dsrwon" 
"which" "FUN" "lapply" "FUN" "lapply" "dsrwon" 
"which" "FUN" "lapply" "FUN" "lapply" "dsrwon" 
"which" "FUN" "lapply" "FUN" "lapply" "dsrwon" 
"which" "FUN" "lapply" "FUN" "lapply" "dsrwon" 
"which" "FUN" "lapply" "FUN" "lapply" "dsrwon" 
"which" "FUN" "lapply" "FUN" "lapply" "dsrwon" 
"which" "FUN" "lapply" "FUN" "lapply" "dsrwon" 
"which" "FUN" "lapply" "FUN" "lapply" "dsrwon" 
"which" "FUN" "lapply" "FUN" "lapply" "dsrwon" 
"which" "FUN" "lapply" "FUN" "lapply" "dsrwon" 
"which" "FUN" "lapply" "FUN" "lapply" "dsrwon" 
"which" "FUN" "lapply" "FUN" "lapply" "dsrwon" 
"FUN" "lapply" "FUN" "lapply" "dsrwon" 
"which" "FUN" "lapply" "FUN" "lapply" "dsrwon" 
"which" "FUN" "lapply" "FUN" "lapply" "dsrwon" 
"which" "FUN" "lapply" "FUN" "lapply" "dsrwon" 
"which" "FUN" "lapply" "FUN" "lapply" "dsrwon" 
"which" "FUN" "lapply" "FUN" "lapply" "dsrwon" 
"which" "FUN" "lapply" "FUN" "lapply" "dsrwon" 
"which" "FUN" "lapply" "FUN" "lapply" "dsrwon" 
"which" "FUN" "lapply" "FUN" "lapply" "dsrwon" 
"which" "FUN" "lapply" "FUN" "lapply" "dsrwon" 
"which" "FUN" "lapply" "FUN" "lapply" "dsrwon" 
"which" "FUN" "lapply" "FUN" "lapply" "dsrwon" 
"which" "FUN" "lapply" "FUN" "lapply" "dsrwon" 
"FUN" "lapply" "FUN" "lapply" "dsrwon" 
"which" "FUN" "lapply" "FUN" "lapply" "dsrwon" 
"which" "FUN" "lapply" "FUN" "lapply" "dsrwon" 
"which" "FUN" "lapply" "FUN" "lapply" "dsrwon" 
"which" "FUN" "lapply" "FUN" "lapply" "dsrwon" 
"lapply" "FUN" "lapply" "dsrwon" 
"which" "FUN" "lapply" "FUN" "lapply" "dsrwon" 
"which" "FUN" "lapply" "FUN" "lapply" "dsrwon" 
"lapply" "FUN" "lapply" "dsrwon" 
"which" "FUN" "lapply" "FUN" "lapply" "dsrwon" 
"which" "FUN" "lapply" "FUN" "lapply" "dsrwon" 
"which" "FUN" "lapply" "FUN" "lapply" "dsrwon" 
"which" "FUN" "lapply" "FUN" "lapply" "dsrwon" 
"which" "FUN" "lapply" "FUN" "lapply" "dsrwon" 
"which" "FUN" "lapply" "FUN" "lapply" "dsrwon" 
"which" "FUN" "lapply" "FUN" "lapply" "dsrwon" 
"which" "FUN" "lapply" "FUN" "lapply" "dsrwon" 
"FUN" "lapply" "FUN" "lapply" "dsrwon" 
"FUN" "lapply" "FUN" "lapply" "dsrwon" 
"which" "FUN" "lapply" "FUN" "lapply" "dsrwon" 
"which" "FUN" "lapply" "FUN" "lapply" "dsrwon" 
"which" "FUN" "lapply" "FUN" "lapply" "dsrwon" 
"which" "FUN" "lapply" "FUN" "lapply" "dsrwon" 
"which" "FUN" "lapply" "FUN" "lapply" "dsrwon" 
"which" "FUN" "lapply" "FUN" "lapply" "dsrwon" 
"which" "FUN" "lapply" "FUN" "lapply" "dsrwon" 
"FUN" "lapply" "FUN" "lapply" "dsrwon" 
"which" "FUN" "lapply" "FUN" "lapply" "dsrwon" 
"which" "FUN" "lapply" "FUN" "lapply" "dsrwon" 
"which" "FUN" "lapply" "FUN" "lapply" "dsrwon" 
"FUN" "lapply" "FUN" "lapply" "dsrwon" 
"which" "FUN" "lapply" "FUN" "lapply" "dsrwon" 
"which" "FUN" "lapply" "FUN" "lapply" "dsrwon" 
"which" "FUN" "lapply" "FUN" "lapply" "dsrwon" 
"which" "FUN" "lapply" "FUN" "lapply" "dsrwon" 
"which" "FUN" "lapply" "FUN" "lapply" "dsrwon" 
"which" "FUN" "lapply" "FUN" "lapply" "dsrwon" 
"which" "FUN" "lapply" "FUN" "lapply" "dsrwon" 
"which" "FUN" "lapply" "FUN" "lapply" "dsrwon" 
"which" "FUN" "lapply" "FUN" "lapply" "dsrwon" 
"which" "FUN" "lapply" "FUN" "lapply" "dsrwon" 
"which" "FUN" "lapply" "FUN" "lapply" "dsrwon" 
"lapply" "FUN" "lapply" "dsrwon" 
"which" "FUN" "lapply" "FUN" "lapply" "dsrwon" 
"which" "FUN" "lapply" "FUN" "lapply" "dsrwon" 
"which" "FUN" "lapply" "FUN" "lapply" "dsrwon" 
"which" "FUN" "lapply" "FUN" "lapply" "dsrwon" 
"which" "FUN" "lapply" "FUN" "lapply" "dsrwon" 
"FUN" "lapply" "FUN" "lapply" "dsrwon" 
"which" "FUN" "lapply" "FUN" "lapply" "dsrwon" 
"which" "FUN" "lapply" "FUN" "lapply" "dsrwon" 
"c" "dsrwon" 
"c" "dsrwon" 
"c" "dsrwon" 
"c" "dsrwon" 
".m2dense" ".m2dense.checking" "asMethod" "as" "Matrix" "eval" "eval" "callGeneric" "*" "*" "nameRows" "dsrwon" 
"aperm.default" "aperm" "apply" "nameRows" "dsrwon" 
"paste" "FUN" "apply" "nameRows" "dsrwon" 
"ls" "FUN" "lapply" ".rs.objectsOnSearchPath" ".rs.getCompletionsSearchPath" "Reduce" "<Anonymous>" 
"ls" "FUN" "lapply" ".rs.objectsOnSearchPath" ".rs.getCompletionsSearchPath" "Reduce" "<Anonymous>" 
"substring" ".rs.startsWith" ".rs.fuzzyMatches" ".rs.getCompletionsSearchPath" "Reduce" "<Anonymous>" 
"ls" "FUN" "lapply" ".rs.objectsOnSearchPath" ".rs.getCompletionsSearchPath" "Reduce" "<Anonymous>" 
"ls" "FUN" "lapply" ".rs.objectsOnSearchPath" ".rs.getCompletionsSearchPath" "Reduce" "<Anonymous>" 
".Call" ".rs.isRScriptInPackageBuildTarget" "<Anonymous>" 
"tempfile" "tools:::httpd" "withCallingHandlers" "suppressWarnings" ".rs.getHelp" "<Anonymous>" 
"psub" "addParaBreaks" "writeLines" "writeLinesUTF8" "of1" "writeBlock" "writeContent" "writeSection" "Rd2HTML" "tools:::httpd" "withCallingHandlers" "suppressWarnings" ".rs.getHelp" "<Anonymous>" 
